<?xml version="1.0" encoding="UTF-8"?>
<!-- Generated by org.testng.reporters.JUnitReportReporter -->
<testsuite skipped="0" hostname="LAPTOP-ICLT5HHI" name="actitime.Demo" tests="1" failures="0" timestamp="2020-08-10T15:42:06 IST" time="0.023" errors="0">
  <testcase name="demo" time="0.023" classname="actitime.Demo"/>
  <system-out>
hello hello hello hello hello hello  </system-out>
</testsuite> <!-- actitime.Demo -->
